-------------------------------------------------------------------------------
Test set: com.mycompany.mavenproject2.js.JsInteractionTest
-------------------------------------------------------------------------------
Tests run: 1, Failures: 0, Errors: 1, Skipped: 0, Time elapsed: 0.056 sec <<< FAILURE! - in com.mycompany.mavenproject2.js.JsInteractionTest
initializationError(com.mycompany.mavenproject2.js.JsInteractionTest)  Time elapsed: 0.004 sec  <<< ERROR!
java.lang.reflect.InvocationTargetException
Caused by: java.lang.NullPointerException: Cannot invoke "javax.script.ScriptEngine.getFactory()" because "eng" is null

